<?xml version="1.0" encoding="UTF-8"?>
<!-- Generated by org.testng.reporters.JUnitReportReporter -->
<testsuite hostname="136007-T14" failures="0" tests="1" name="testclasses.GroceriesTest" time="17.799" errors="0" timestamp="2023-09-18T14:49:11 IST" skipped="0">
  <testcase classname="testclasses.GroceriesTest" name="clickOnGroceries" time="17.799"/>
</testsuite> <!-- testclasses.GroceriesTest -->
