<?xml version="1.0" encoding="UTF-8"?>
<!-- Generated by org.testng.reporters.JUnitReportReporter -->
<testsuite hostname="136007-T14" failures="0" tests="1" name="testclasses.ElectronicsTest" time="11.692" errors="0" timestamp="2023-09-18T14:49:11 IST" skipped="0">
  <testcase classname="testclasses.ElectronicsTest" name="clickOnElectronics" time="11.692"/>
</testsuite> <!-- testclasses.ElectronicsTest -->
